<?xml version="1.0" encoding="UTF-8"?>
<!-- Generated by org.testng.reporters.JUnitXMLReporter -->
<testsuite hostname="MP-LAP069" failures="0" tests="22" name="Test" time="51.892" errors="0" timestamp="1 Jun 2020 17:12:14 GMT">
  <testcase classname="iPayedAppiumFramework.testCases.LoginPageTestCases" name="@BeforeMethod startUp" time="0.0">
    <failure type="org.openqa.selenium.SessionNotCreatedException" message="Unable to create a new remote session. Please check the server log for more details. Original error: An unknown server-side error occurred while processing the command. Original error: Could not find a connected Android device in 20871ms.
Build info: version: &amp;apos;3.141.59&amp;apos;, revision: &amp;apos;e82be7d358&amp;apos;, time: &amp;apos;2018-11-14T08:17:03&amp;apos;
System info: host: &amp;apos;MP-LAP069&amp;apos;, ip: &amp;apos;192.168.2.103&amp;apos;, os.name: &amp;apos;Windows 10&amp;apos;, os.arch: &amp;apos;amd64&amp;apos;, os.version: &amp;apos;10.0&amp;apos;, java.version: &amp;apos;11.0.2&amp;apos;
Driver info: driver.version: AndroidDriver
remote stacktrace: UnknownError: An unknown server-side error occurred while processing the command. Original error: Could not find a connected Android device in 20871ms.
    at getResponseForW3CError (C:\Users\Mobile Programming\AppData\Roaming\npm\node_modules\appium\node_modules\appium-base-driver\lib\protocol\errors.js:804:9)
    at asyncHandler (C:\Users\Mobile Programming\AppData\Roaming\npm\node_modules\appium\node_modules\appium-base-driver\lib\protocol\protocol.js:392:37)
Build info: version: &amp;apos;3.141.59&amp;apos;, revision: &amp;apos;e82be7d358&amp;apos;, time: &amp;apos;2018-11-14T08:17:03&amp;apos;
System info: host: &amp;apos;MP-LAP069&amp;apos;, ip: &amp;apos;192.168.2.103&amp;apos;, os.name: &amp;apos;Windows 10&amp;apos;, os.arch: &amp;apos;amd64&amp;apos;, os.version: &amp;apos;10.0&amp;apos;, java.version: &amp;apos;11.0.2&amp;apos;
Driver info: driver.version: AndroidDriver">
      <![CDATA[org.openqa.selenium.SessionNotCreatedException: Unable to create a new remote session. Please check the server log for more details. Original error: An unknown server-side error occurred while processing the command. Original error: Could not find a connected Android device in 20871ms.
Build info: version: '3.141.59', revision: 'e82be7d358', time: '2018-11-14T08:17:03'
System info: host: 'MP-LAP069', ip: '192.168.2.103', os.name: 'Windows 10', os.arch: 'amd64', os.version: '10.0', java.version: '11.0.2'
Driver info: driver.version: AndroidDriver
remote stacktrace: UnknownError: An unknown server-side error occurred while processing the command. Original error: Could not find a connected Android device in 20871ms.
    at getResponseForW3CError (C:\Users\Mobile Programming\AppData\Roaming\npm\node_modules\appium\node_modules\appium-base-driver\lib\protocol\errors.js:804:9)
    at asyncHandler (C:\Users\Mobile Programming\AppData\Roaming\npm\node_modules\appium\node_modules\appium-base-driver\lib\protocol\protocol.js:392:37)
Build info: version: '3.141.59', revision: 'e82be7d358', time: '2018-11-14T08:17:03'
System info: host: 'MP-LAP069', ip: '192.168.2.103', os.name: 'Windows 10', os.arch: 'amd64', os.version: '10.0', java.version: '11.0.2'
Driver info: driver.version: AndroidDriver
	at io.appium.java_client.remote.AppiumCommandExecutor$1.createSession(AppiumCommandExecutor.java:208)
	at io.appium.java_client.remote.AppiumCommandExecutor.createSession(AppiumCommandExecutor.java:217)
	at io.appium.java_client.remote.AppiumCommandExecutor.execute(AppiumCommandExecutor.java:239)
	at org.openqa.selenium.remote.RemoteWebDriver.execute(RemoteWebDriver.java:552)
	at io.appium.java_client.DefaultGenericMobileDriver.execute(DefaultGenericMobileDriver.java:41)
	at io.appium.java_client.AppiumDriver.execute(AppiumDriver.java:1)
	at io.appium.java_client.android.AndroidDriver.execute(AndroidDriver.java:1)
	at org.openqa.selenium.remote.RemoteWebDriver.startSession(RemoteWebDriver.java:213)
	at io.appium.java_client.AppiumDriver.startSession(AppiumDriver.java:336)
	at org.openqa.selenium.remote.RemoteWebDriver.<init>(RemoteWebDriver.java:131)
	at io.appium.java_client.DefaultGenericMobileDriver.<init>(DefaultGenericMobileDriver.java:37)
	at io.appium.java_client.AppiumDriver.<init>(AppiumDriver.java:88)
	at io.appium.java_client.AppiumDriver.<init>(AppiumDriver.java:98)
	at io.appium.java_client.android.AndroidDriver.<init>(AndroidDriver.java:94)
	at iPayedAppiumFramework.resources.Base.capabilities(Base.java:72)
	at iPayedAppiumFramework.testCases.LoginPageTestCases.startUp(LoginPageTestCases.java:48)
	at io.appium.java_client.remote.AppiumCommandExecutor$1.createSession(AppiumCommandExecutor.java:186)
	... 41 more
Caused by: org.openqa.selenium.WebDriverException: An unknown server-side error occurred while processing the command. Original error: Could not find a connected Android device in 20871ms.
Build info: version: '3.141.59', revision: 'e82be7d358', time: '2018-11-14T08:17:03'
System info: host: 'MP-LAP069', ip: '192.168.2.103', os.name: 'Windows 10', os.arch: 'amd64', os.version: '10.0', java.version: '11.0.2'
Driver info: driver.version: AndroidDriver
remote stacktrace: UnknownError: An unknown server-side error occurred while processing the command. Original error: Could not find a connected Android device in 20871ms.
    at getResponseForW3CError (C:\Users\Mobile Programming\AppData\Roaming\npm\node_modules\appium\node_modules\appium-base-driver\lib\protocol\errors.js:804:9)
    at asyncHandler (C:\Users\Mobile Programming\AppData\Roaming\npm\node_modules\appium\node_modules\appium-base-driver\lib\protocol\protocol.js:392:37)
	at org.openqa.selenium.remote.W3CHandshakeResponse.lambda$errorHandler$0(W3CHandshakeResponse.java:62)
	at org.openqa.selenium.remote.HandshakeResponse.lambda$getResponseFunction$0(HandshakeResponse.java:30)
	at org.openqa.selenium.remote.ProtocolHandshake.lambda$createSession$0(ProtocolHandshake.java:126)
	at java.base/java.util.stream.ReferencePipeline$3$1.accept(ReferencePipeline.java:195)
	at java.base/java.util.Spliterators$ArraySpliterator.tryAdvance(Spliterators.java:958)
	at java.base/java.util.stream.ReferencePipeline.forEachWithCancel(ReferencePipeline.java:127)
	at java.base/java.util.stream.AbstractPipeline.copyIntoWithCancel(AbstractPipeline.java:502)
	at java.base/java.util.stream.AbstractPipeline.copyInto(AbstractPipeline.java:488)
	at java.base/java.util.stream.AbstractPipeline.wrapAndCopyInto(AbstractPipeline.java:474)
	at java.base/java.util.stream.FindOps$FindOp.evaluateSequential(FindOps.java:150)
	at java.base/java.util.stream.AbstractPipeline.evaluate(AbstractPipeline.java:234)
	at java.base/java.util.stream.ReferencePipeline.findFirst(ReferencePipeline.java:543)
	at org.openqa.selenium.remote.ProtocolHandshake.createSession(ProtocolHandshake.java:128)
	... 46 more
... Removed 35 stack frames]]>
    </failure>
  </testcase> <!-- @BeforeMethod startUp -->
  <testcase classname="iPayedAppiumFramework.testCases.LoginPageTestCases" name="@AfterMethod closeUp" time="0.0">
    <skipped/>
  </testcase> <!-- @AfterMethod closeUp -->
  <testcase classname="iPayedAppiumFramework.testCases.LoginPageTestCases" name="@BeforeMethod startUp" time="0.0">
    <skipped/>
  </testcase> <!-- @BeforeMethod startUp -->
  <testcase classname="iPayedAppiumFramework.testCases.LoginPageTestCases" name="@AfterMethod closeUp" time="0.0">
    <skipped/>
  </testcase> <!-- @AfterMethod closeUp -->
  <testcase classname="iPayedAppiumFramework.testCases.LoginPageTestCases" name="@BeforeMethod startUp" time="0.0">
    <skipped/>
  </testcase> <!-- @BeforeMethod startUp -->
  <testcase classname="iPayedAppiumFramework.testCases.LoginPageTestCases" name="@AfterMethod closeUp" time="0.0">
    <skipped/>
  </testcase> <!-- @AfterMethod closeUp -->
  <testcase classname="iPayedAppiumFramework.testCases.LoginPageTestCases" name="@BeforeMethod startUp" time="0.0">
    <skipped/>
  </testcase> <!-- @BeforeMethod startUp -->
  <testcase classname="iPayedAppiumFramework.testCases.LoginPageTestCases" name="@AfterMethod closeUp" time="0.0">
    <skipped/>
  </testcase> <!-- @AfterMethod closeUp -->
  <testcase classname="iPayedAppiumFramework.testCases.LoginPageTestCases" name="@BeforeMethod startUp" time="0.0">
    <skipped/>
  </testcase> <!-- @BeforeMethod startUp -->
  <testcase classname="iPayedAppiumFramework.testCases.LoginPageTestCases" name="@AfterMethod closeUp" time="0.0">
    <skipped/>
  </testcase> <!-- @AfterMethod closeUp -->
  <testcase classname="iPayedAppiumFramework.testCases.LoginPageTestCases" name="@BeforeMethod startUp" time="0.0">
    <skipped/>
  </testcase> <!-- @BeforeMethod startUp -->
  <testcase classname="iPayedAppiumFramework.testCases.LoginPageTestCases" name="@AfterMethod closeUp" time="0.0">
    <skipped/>
  </testcase> <!-- @AfterMethod closeUp -->
  <testcase classname="iPayedAppiumFramework.testCases.LoginPageTestCases" name="@BeforeMethod startUp" time="0.0">
    <skipped/>
  </testcase> <!-- @BeforeMethod startUp -->
  <testcase classname="iPayedAppiumFramework.testCases.LoginPageTestCases" name="@AfterMethod closeUp" time="0.0">
    <skipped/>
  </testcase> <!-- @AfterMethod closeUp -->
  <testcase classname="iPayedAppiumFramework.testCases.LoginPageTestCases" name="@BeforeMethod startUp" time="0.0">
    <skipped/>
  </testcase> <!-- @BeforeMethod startUp -->
  <testcase classname="iPayedAppiumFramework.testCases.LoginPageTestCases" name="@AfterMethod closeUp" time="0.0">
    <skipped/>
  </testcase> <!-- @AfterMethod closeUp -->
  <testcase classname="iPayedAppiumFramework.testCases.LoginPageTestCases" name="@BeforeMethod startUp" time="0.0">
    <skipped/>
  </testcase> <!-- @BeforeMethod startUp -->
  <testcase classname="iPayedAppiumFramework.testCases.LoginPageTestCases" name="@AfterMethod closeUp" time="0.0">
    <skipped/>
  </testcase> <!-- @AfterMethod closeUp -->
  <testcase classname="iPayedAppiumFramework.testCases.LoginPageTestCases" name="@BeforeMethod startUp" time="0.0">
    <skipped/>
  </testcase> <!-- @BeforeMethod startUp -->
  <testcase classname="iPayedAppiumFramework.testCases.LoginPageTestCases" name="@AfterMethod closeUp" time="0.0">
    <skipped/>
  </testcase> <!-- @AfterMethod closeUp -->
  <testcase classname="iPayedAppiumFramework.testCases.LoginPageTestCases" name="@BeforeMethod startUp" time="0.0">
    <skipped/>
  </testcase> <!-- @BeforeMethod startUp -->
  <testcase classname="iPayedAppiumFramework.testCases.LoginPageTestCases" name="@AfterMethod closeUp" time="0.0">
    <skipped/>
  </testcase> <!-- @AfterMethod closeUp -->
  <testcase classname="iPayedAppiumFramework.testCases.LoginPageTestCases" name="@BeforeMethod startUp" time="0.0">
    <skipped/>
  </testcase> <!-- @BeforeMethod startUp -->
  <testcase classname="iPayedAppiumFramework.testCases.LoginPageTestCases" name="@AfterMethod closeUp" time="0.0">
    <skipped/>
  </testcase> <!-- @AfterMethod closeUp -->
  <testcase classname="iPayedAppiumFramework.testCases.LoginPageTestCases" name="@BeforeMethod startUp" time="0.0">
    <skipped/>
  </testcase> <!-- @BeforeMethod startUp -->
  <testcase classname="iPayedAppiumFramework.testCases.LoginPageTestCases" name="@AfterMethod closeUp" time="0.0">
    <skipped/>
  </testcase> <!-- @AfterMethod closeUp -->
  <testcase classname="iPayedAppiumFramework.testCases.LoginPageTestCases" name="@BeforeMethod startUp" time="0.0">
    <skipped/>
  </testcase> <!-- @BeforeMethod startUp -->
  <testcase classname="iPayedAppiumFramework.testCases.LoginPageTestCases" name="@AfterMethod closeUp" time="0.0">
    <skipped/>
  </testcase> <!-- @AfterMethod closeUp -->
  <testcase classname="iPayedAppiumFramework.testCases.LoginPageTestCases" name="@BeforeMethod startUp" time="0.0">
    <skipped/>
  </testcase> <!-- @BeforeMethod startUp -->
  <testcase classname="iPayedAppiumFramework.testCases.LoginPageTestCases" name="@AfterMethod closeUp" time="0.0">
    <skipped/>
  </testcase> <!-- @AfterMethod closeUp -->
  <testcase classname="iPayedAppiumFramework.testCases.LoginPageTestCases" name="@BeforeMethod startUp" time="0.0">
    <skipped/>
  </testcase> <!-- @BeforeMethod startUp -->
  <testcase classname="iPayedAppiumFramework.testCases.LoginPageTestCases" name="@AfterMethod closeUp" time="0.0">
    <skipped/>
  </testcase> <!-- @AfterMethod closeUp -->
  <testcase classname="iPayedAppiumFramework.testCases.LoginPageTestCases" name="@BeforeMethod startUp" time="0.0">
    <skipped/>
  </testcase> <!-- @BeforeMethod startUp -->
  <testcase classname="iPayedAppiumFramework.testCases.LoginPageTestCases" name="@AfterMethod closeUp" time="0.0">
    <skipped/>
  </testcase> <!-- @AfterMethod closeUp -->
  <testcase classname="iPayedAppiumFramework.testCases.LoginPageTestCases" name="@BeforeMethod startUp" time="0.0">
    <skipped/>
  </testcase> <!-- @BeforeMethod startUp -->
  <testcase classname="iPayedAppiumFramework.testCases.LoginPageTestCases" name="@AfterMethod closeUp" time="0.0">
    <skipped/>
  </testcase> <!-- @AfterMethod closeUp -->
  <testcase classname="iPayedAppiumFramework.testCases.LoginPageTestCases" name="@BeforeMethod startUp" time="0.0">
    <skipped/>
  </testcase> <!-- @BeforeMethod startUp -->
  <testcase classname="iPayedAppiumFramework.testCases.LoginPageTestCases" name="@AfterMethod closeUp" time="0.0">
    <skipped/>
  </testcase> <!-- @AfterMethod closeUp -->
  <testcase classname="iPayedAppiumFramework.testCases.LoginPageTestCases" name="@BeforeMethod startUp" time="0.0">
    <skipped/>
  </testcase> <!-- @BeforeMethod startUp -->
  <testcase classname="iPayedAppiumFramework.testCases.LoginPageTestCases" name="@AfterMethod closeUp" time="0.0">
    <skipped/>
  </testcase> <!-- @AfterMethod closeUp -->
  <testcase classname="iPayedAppiumFramework.testCases.LoginPageTestCases" name="@BeforeMethod startUp" time="0.0">
    <skipped/>
  </testcase> <!-- @BeforeMethod startUp -->
  <testcase classname="iPayedAppiumFramework.testCases.LoginPageTestCases" name="@AfterMethod closeUp" time="0.0">
    <skipped/>
  </testcase> <!-- @AfterMethod closeUp -->
  <testcase classname="iPayedAppiumFramework.testCases.LoginPageTestCases" name="@BeforeMethod startUp" time="0.0">
    <skipped/>
  </testcase> <!-- @BeforeMethod startUp -->
  <testcase classname="iPayedAppiumFramework.testCases.LoginPageTestCases" name="@AfterMethod closeUp" time="0.0">
    <skipped/>
  </testcase> <!-- @AfterMethod closeUp -->
  <testcase classname="iPayedAppiumFramework.testCases.LoginPageTestCases" name="verifyEmailFieldEnabled" time="0.002">
    <skipped/>
  </testcase> <!-- verifyEmailFieldEnabled -->
  <testcase classname="iPayedAppiumFramework.testCases.LoginPageTestCases" name="verifyEmailPlaceholder" time="0.005">
    <skipped/>
  </testcase> <!-- verifyEmailPlaceholder -->
  <testcase classname="iPayedAppiumFramework.testCases.LoginPageTestCases" name="verifyForgotPasswordEnabled" time="0.001">
    <skipped/>
  </testcase> <!-- verifyForgotPasswordEnabled -->
  <testcase classname="iPayedAppiumFramework.testCases.LoginPageTestCases" name="verifyForgotPasswordLinkWorking" time="0.0">
    <skipped/>
  </testcase> <!-- verifyForgotPasswordLinkWorking -->
  <testcase classname="iPayedAppiumFramework.testCases.LoginPageTestCases" name="verifyForgotPasswordText" time="0.001">
    <skipped/>
  </testcase> <!-- verifyForgotPasswordText -->
  <testcase classname="iPayedAppiumFramework.testCases.LoginPageTestCases" name="verifyLoginWithText" time="0.001">
    <skipped/>
  </testcase> <!-- verifyLoginWithText -->
  <testcase classname="iPayedAppiumFramework.testCases.LoginPageTestCases" name="verifyNotRegisterText" time="0.001">
    <skipped/>
  </testcase> <!-- verifyNotRegisterText -->
  <testcase classname="iPayedAppiumFramework.testCases.LoginPageTestCases" name="verifyPasswordFieldEnabled" time="0.0">
    <skipped/>
  </testcase> <!-- verifyPasswordFieldEnabled -->
  <testcase classname="iPayedAppiumFramework.testCases.LoginPageTestCases" name="verifyPasswordPlaceholder" time="0.0">
    <skipped/>
  </testcase> <!-- verifyPasswordPlaceholder -->
  <testcase classname="iPayedAppiumFramework.testCases.LoginPageTestCases" name="verifyPasswordTextShowPasswordDisabled" time="0.001">
    <skipped/>
  </testcase> <!-- verifyPasswordTextShowPasswordDisabled -->
  <testcase classname="iPayedAppiumFramework.testCases.LoginPageTestCases" name="verifyPasswordTextShowPasswordEnabled" time="0.0">
    <skipped/>
  </testcase> <!-- verifyPasswordTextShowPasswordEnabled -->
  <testcase classname="iPayedAppiumFramework.testCases.LoginPageTestCases" name="verifyPinAndTouchIDText" time="0.0">
    <skipped/>
  </testcase> <!-- verifyPinAndTouchIDText -->
  <testcase classname="iPayedAppiumFramework.testCases.LoginPageTestCases" name="verifyRememberMeText" time="0.001">
    <skipped/>
  </testcase> <!-- verifyRememberMeText -->
  <testcase classname="iPayedAppiumFramework.testCases.LoginPageTestCases" name="verifyRememberMeUnchecked" time="0.0">
    <skipped/>
  </testcase> <!-- verifyRememberMeUnchecked -->
  <testcase classname="iPayedAppiumFramework.testCases.LoginPageTestCases" name="verifyRemenberMeWorking" time="0.001">
    <skipped/>
  </testcase> <!-- verifyRemenberMeWorking -->
  <testcase classname="iPayedAppiumFramework.testCases.LoginPageTestCases" name="verifyRemenebrMeIsSelectAndDeselect" time="0.0">
    <skipped/>
  </testcase> <!-- verifyRemenebrMeIsSelectAndDeselect -->
  <testcase classname="iPayedAppiumFramework.testCases.LoginPageTestCases" name="verifyShowPasswordFiledEnabled" time="0.0">
    <skipped/>
  </testcase> <!-- verifyShowPasswordFiledEnabled -->
  <testcase classname="iPayedAppiumFramework.testCases.LoginPageTestCases" name="verifySignUpEnabled" time="0.001">
    <skipped/>
  </testcase> <!-- verifySignUpEnabled -->
  <testcase classname="iPayedAppiumFramework.testCases.LoginPageTestCases" name="verifySignUpText" time="0.0">
    <skipped/>
  </testcase> <!-- verifySignUpText -->
  <testcase classname="iPayedAppiumFramework.testCases.LoginPageTestCases" name="verifyUserLoginWithCorrectCredentials" time="0.0">
    <skipped/>
  </testcase> <!-- verifyUserLoginWithCorrectCredentials -->
  <testcase classname="iPayedAppiumFramework.testCases.LoginPageTestCases" name="withoutEnabledPinCheckToasterMessage" time="0.001">
    <skipped/>
  </testcase> <!-- withoutEnabledPinCheckToasterMessage -->
  <testcase classname="iPayedAppiumFramework.testCases.LoginPageTestCases" name="withoutEnabledTouchIDCheckToasterMessage" time="0.001">
    <skipped/>
  </testcase> <!-- withoutEnabledTouchIDCheckToasterMessage -->
</testsuite> <!-- Test -->
